{
  "stats": {
    "suites": 1,
    "tests": 4,
    "passes": 4,
    "pending": 0,
    "failures": 0,
    "start": "2022-02-13T22:33:55.918Z",
    "end": "2022-02-13T22:34:08.838Z",
    "duration": 12920,
    "testsRegistered": 4,
    "passPercent": 100,
    "pendingPercent": 0,
    "other": 0,
    "hasOther": false,
    "skipped": 0,
    "hasSkipped": false
  },
  "results": [
    {
      "uuid": "2e1e729c-22af-4ceb-8b3f-5ccc571a9a75",
      "title": "",
      "fullFile": "cypress/integration/hn_shopping_cart.js",
      "file": "cypress/integration/hn_shopping_cart.js",
      "beforeHooks": [],
      "afterHooks": [],
      "tests": [],
      "suites": [
        {
          "uuid": "838640cc-2552-4b2c-81fa-11a6f21fe633",
          "title": "Checkout Validation",
          "fullFile": "",
          "file": "",
          "beforeHooks": [],
          "afterHooks": [],
          "tests": [
            {
              "title": "Open Product Details Page",
              "fullTitle": "Checkout Validation Open Product Details Page",
              "timedOut": null,
              "duration": 6009,
              "state": "passed",
              "speed": "medium",
              "pass": true,
              "fail": false,
              "pending": false,
              "context": null,
              "code": "cy.visit(\"/google-nest-cam-outdoor-indoor-battery-1-pack.html\");",
              "err": {},
              "uuid": "3f1f109b-f0f6-43bf-97e2-021b83cc4fc4",
              "parentUUID": "838640cc-2552-4b2c-81fa-11a6f21fe633",
              "isHook": false,
              "skipped": false
            },
            {
              "title": "Click Add to Cart",
              "fullTitle": "Checkout Validation Click Add to Cart",
              "timedOut": null,
              "duration": 563,
              "state": "passed",
              "speed": "fast",
              "pass": true,
              "fail": false,
              "pending": false,
              "context": null,
              "code": "cy.get(\"#btn-add-to-cart\", {\n  timeout: 2000\n}).click();",
              "err": {},
              "uuid": "f0031c4e-ebe9-4362-a200-35e63d8879f6",
              "parentUUID": "838640cc-2552-4b2c-81fa-11a6f21fe633",
              "isHook": false,
              "skipped": false
            },
            {
              "title": "View Checkout",
              "fullTitle": "Checkout Validation View Checkout",
              "timedOut": null,
              "duration": 5902,
              "state": "passed",
              "speed": "medium",
              "pass": true,
              "fail": false,
              "pending": false,
              "context": null,
              "code": "cy.get(\"#btn_checkout\", {\n  timeout: 2000\n}).click();",
              "err": {},
              "uuid": "830e6fd9-8ec4-41ef-8429-7e1b8f893b98",
              "parentUUID": "838640cc-2552-4b2c-81fa-11a6f21fe633",
              "isHook": false,
              "skipped": false
            },
            {
              "title": "Verify product added to cart",
              "fullTitle": "Checkout Validation Verify product added to cart",
              "timedOut": null,
              "duration": 389,
              "state": "passed",
              "speed": "fast",
              "pass": true,
              "fail": false,
              "pending": false,
              "context": null,
              "code": "cy.get('.sku', {\n  timeout: 20000\n});\ncy.get('.sku').should('contain', 'GA01317-AU');",
              "err": {},
              "uuid": "06e01621-d61b-4eea-b907-9dad413c7fc7",
              "parentUUID": "838640cc-2552-4b2c-81fa-11a6f21fe633",
              "isHook": false,
              "skipped": false
            }
          ],
          "suites": [],
          "passes": [
            "3f1f109b-f0f6-43bf-97e2-021b83cc4fc4",
            "f0031c4e-ebe9-4362-a200-35e63d8879f6",
            "830e6fd9-8ec4-41ef-8429-7e1b8f893b98",
            "06e01621-d61b-4eea-b907-9dad413c7fc7"
          ],
          "failures": [],
          "pending": [],
          "skipped": [],
          "duration": 12863,
          "root": false,
          "rootEmpty": false,
          "_timeout": 2000
        }
      ],
      "passes": [],
      "failures": [],
      "pending": [],
      "skipped": [],
      "duration": 0,
      "root": true,
      "rootEmpty": true,
      "_timeout": 2000
    }
  ],
  "meta": {
    "mocha": {
      "version": "7.0.1"
    },
    "mochawesome": {
      "options": {
        "quiet": false,
        "reportFilename": "mochawesome",
        "saveHtml": false,
        "saveJson": true,
        "consoleReporter": "spec",
        "useInlineDiffs": false,
        "code": true
      },
      "version": "7.0.1"
    },
    "marge": {
      "options": {
        "reportDir": "cypress/results",
        "overwrite": true,
        "html": false,
        "json": true
      },
      "version": "6.0.1"
    }
  }
}